<?xml version="1.0" encoding="UTF-8"?>
<testsuite name="Tests" tests="5" skipped="0" failures="0" errors="0" timestamp="2022-03-10T22:03:08" hostname="Macbookpros-MacBook-Pro.local" time="0.058">
  <properties/>
  <testcase name="testJsonDoc" classname="Tests" time="0.034"/>
  <testcase name="testJSONStructureInDB" classname="Tests" time="0.012"/>
  <testcase name="testReadingFile" classname="Tests" time="0.004"/>
  <testcase name="testOtherJSONViaDB" classname="Tests" time="0.004"/>
  <testcase name="testComputingReviews" classname="Tests" time="0.002"/>
  <system-out><![CDATA[]]></system-out>
  <system-err><![CDATA[]]></system-err>
</testsuite>
