<?xml version="1.0" encoding="UTF-8"?>
<testsuite name="TestSquare" tests="5" skipped="0" failures="0" errors="0" timestamp="2022-03-09T01:03:42" hostname="Macbookpros-MacBook-Pro.local" time="0.002">
  <properties/>
  <testcase name="testAreaAndPerimeter" classname="TestSquare" time="0.0"/>
  <testcase name="testToString" classname="TestSquare" time="0.0"/>
  <testcase name="testEquals" classname="TestSquare" time="0.0"/>
  <testcase name="testInheritance" classname="TestSquare" time="0.0"/>
  <testcase name="testConstructor" classname="TestSquare" time="0.0"/>
  <system-out><![CDATA[]]></system-out>
  <system-err><![CDATA[]]></system-err>
</testsuite>
