<?xml version="1.0" encoding="UTF-8"?>
<testsuite name="Tests" tests="3" skipped="0" failures="0" errors="0" timestamp="2022-03-09T01:10:09" hostname="Macbookpros-MacBook-Pro.local" time="0.0">
  <properties/>
  <testcase name="testMostFrequent" classname="Tests" time="0.0"/>
  <testcase name="testCount" classname="Tests" time="0.0"/>
  <testcase name="testUniqueWords" classname="Tests" time="0.0"/>
  <system-out><![CDATA[]]></system-out>
  <system-err><![CDATA[]]></system-err>
</testsuite>
