<?xml version="1.0" encoding="UTF-8"?>
<testsuite name="Tests" tests="4" skipped="0" failures="0" errors="0" timestamp="2022-03-09T01:09:42" hostname="Macbookpros-MacBook-Pro.local" time="0.003">
  <properties/>
  <testcase name="testBagSpecifics" classname="Tests" time="0.002"/>
  <testcase name="testBingoChip" classname="Tests" time="0.0"/>
  <testcase name="testBagBasics" classname="Tests" time="0.0"/>
  <testcase name="testCorrectUseOfException" classname="Tests" time="0.0"/>
  <system-out><![CDATA[[hello, hello, world, world, hello, hello, hello]
]]></system-out>
  <system-err><![CDATA[]]></system-err>
</testsuite>
